mode: set
github.com/yourusername/scentora-backend/internal/repository/accord_repo.go:15.57,17.2 1 1
github.com/yourusername/scentora-backend/internal/repository/accord_repo.go:20.64,41.2 2 1
github.com/yourusername/scentora-backend/internal/repository/accord_repo.go:44.80,54.16 4 1
github.com/yourusername/scentora-backend/internal/repository/accord_repo.go:54.16,56.3 1 1
github.com/yourusername/scentora-backend/internal/repository/accord_repo.go:57.2,57.21 1 1
github.com/yourusername/scentora-backend/internal/repository/accord_repo.go:61.74,72.16 4 1
github.com/yourusername/scentora-backend/internal/repository/accord_repo.go:72.16,74.3 1 0
github.com/yourusername/scentora-backend/internal/repository/accord_repo.go:75.2,75.21 1 1
github.com/yourusername/scentora-backend/internal/repository/accord_repo.go:79.64,102.16 4 1
github.com/yourusername/scentora-backend/internal/repository/accord_repo.go:102.16,104.3 1 0
github.com/yourusername/scentora-backend/internal/repository/accord_repo.go:106.2,106.12 1 1
github.com/yourusername/scentora-backend/internal/repository/accord_repo.go:110.60,113.16 3 1
github.com/yourusername/scentora-backend/internal/repository/accord_repo.go:113.16,115.3 1 0
github.com/yourusername/scentora-backend/internal/repository/accord_repo.go:116.2,117.16 2 1
github.com/yourusername/scentora-backend/internal/repository/accord_repo.go:117.16,119.3 1 0
github.com/yourusername/scentora-backend/internal/repository/accord_repo.go:120.2,120.15 1 1
github.com/yourusername/scentora-backend/internal/repository/accord_repo.go:120.15,122.3 1 0
github.com/yourusername/scentora-backend/internal/repository/accord_repo.go:123.2,123.12 1 1
github.com/yourusername/scentora-backend/internal/repository/accord_repo.go:127.151,140.21 5 0
github.com/yourusername/scentora-backend/internal/repository/accord_repo.go:140.21,144.3 3 0
github.com/yourusername/scentora-backend/internal/repository/accord_repo.go:146.2,146.22 1 0
github.com/yourusername/scentora-backend/internal/repository/accord_repo.go:146.22,150.3 3 0
github.com/yourusername/scentora-backend/internal/repository/accord_repo.go:152.2,152.22 1 0
github.com/yourusername/scentora-backend/internal/repository/accord_repo.go:152.22,156.3 3 0
github.com/yourusername/scentora-backend/internal/repository/accord_repo.go:158.2,158.21 1 0
github.com/yourusername/scentora-backend/internal/repository/accord_repo.go:158.21,162.3 3 0
github.com/yourusername/scentora-backend/internal/repository/accord_repo.go:164.2,164.19 1 0
github.com/yourusername/scentora-backend/internal/repository/accord_repo.go:164.19,168.3 3 0
github.com/yourusername/scentora-backend/internal/repository/accord_repo.go:170.2,173.16 3 0
github.com/yourusername/scentora-backend/internal/repository/accord_repo.go:173.16,175.3 1 0
github.com/yourusername/scentora-backend/internal/repository/accord_repo.go:177.2,177.21 1 0
github.com/yourusername/scentora-backend/internal/repository/accord_repo.go:182.117,196.72 5 0
github.com/yourusername/scentora-backend/internal/repository/accord_repo.go:196.72,200.3 3 0
github.com/yourusername/scentora-backend/internal/repository/accord_repo.go:202.2,202.58 1 0
github.com/yourusername/scentora-backend/internal/repository/accord_repo.go:202.58,206.3 3 0
github.com/yourusername/scentora-backend/internal/repository/accord_repo.go:208.2,208.58 1 0
github.com/yourusername/scentora-backend/internal/repository/accord_repo.go:208.58,212.3 3 0
github.com/yourusername/scentora-backend/internal/repository/accord_repo.go:214.2,214.72 1 0
github.com/yourusername/scentora-backend/internal/repository/accord_repo.go:214.72,218.3 3 0
github.com/yourusername/scentora-backend/internal/repository/accord_repo.go:220.2,220.66 1 0
github.com/yourusername/scentora-backend/internal/repository/accord_repo.go:220.66,224.3 3 0
github.com/yourusername/scentora-backend/internal/repository/accord_repo.go:226.2,229.16 3 0
github.com/yourusername/scentora-backend/internal/repository/accord_repo.go:229.16,231.3 1 0
github.com/yourusername/scentora-backend/internal/repository/accord_repo.go:232.2,232.21 1 0
github.com/yourusername/scentora-backend/internal/repository/accord_repo.go:236.80,245.16 4 1
github.com/yourusername/scentora-backend/internal/repository/accord_repo.go:245.16,247.3 1 0
github.com/yourusername/scentora-backend/internal/repository/accord_repo.go:248.2,248.18 1 1
github.com/yourusername/scentora-backend/internal/repository/accord_repo.go:252.63,259.2 3 1
github.com/yourusername/scentora-backend/internal/repository/accord_repo.go:262.66,265.16 3 1
github.com/yourusername/scentora-backend/internal/repository/accord_repo.go:265.16,267.3 1 0
github.com/yourusername/scentora-backend/internal/repository/accord_repo.go:268.2,269.16 2 1
github.com/yourusername/scentora-backend/internal/repository/accord_repo.go:269.16,271.3 1 0
github.com/yourusername/scentora-backend/internal/repository/accord_repo.go:272.2,272.15 1 1
github.com/yourusername/scentora-backend/internal/repository/accord_repo.go:272.15,274.3 1 0
github.com/yourusername/scentora-backend/internal/repository/accord_repo.go:275.2,275.12 1 1
github.com/yourusername/scentora-backend/internal/repository/accord_repo.go:279.74,281.16 2 1
github.com/yourusername/scentora-backend/internal/repository/accord_repo.go:281.16,283.3 1 0
github.com/yourusername/scentora-backend/internal/repository/accord_repo.go:284.2,288.16 3 1
github.com/yourusername/scentora-backend/internal/repository/accord_repo.go:288.16,290.3 1 0
github.com/yourusername/scentora-backend/internal/repository/accord_repo.go:293.2,293.19 1 1
github.com/yourusername/scentora-backend/internal/repository/accord_repo.go:293.19,295.28 2 1
github.com/yourusername/scentora-backend/internal/repository/accord_repo.go:295.28,297.22 2 1
github.com/yourusername/scentora-backend/internal/repository/accord_repo.go:297.22,299.19 2 1
github.com/yourusername/scentora-backend/internal/repository/accord_repo.go:299.19,301.6 1 0
github.com/yourusername/scentora-backend/internal/repository/accord_repo.go:306.2,306.20 1 1
github.com/yourusername/scentora-backend/internal/repository/accord_repo.go:310.101,311.20 1 0
github.com/yourusername/scentora-backend/internal/repository/accord_repo.go:311.20,313.3 1 0
github.com/yourusername/scentora-backend/internal/repository/accord_repo.go:315.2,331.16 4 0
github.com/yourusername/scentora-backend/internal/repository/accord_repo.go:331.16,333.3 1 0
github.com/yourusername/scentora-backend/internal/repository/accord_repo.go:334.2,334.21 1 0
github.com/yourusername/scentora-backend/internal/repository/invitation_repo.go:14.65,16.2 1 1
github.com/yourusername/scentora-backend/internal/repository/invitation_repo.go:18.76,32.2 2 1
github.com/yourusername/scentora-backend/internal/repository/invitation_repo.go:34.84,42.16 4 1
github.com/yourusername/scentora-backend/internal/repository/invitation_repo.go:42.16,44.3 1 1
github.com/yourusername/scentora-backend/internal/repository/invitation_repo.go:45.2,45.25 1 1
github.com/yourusername/scentora-backend/internal/repository/invitation_repo.go:48.94,57.16 4 1
github.com/yourusername/scentora-backend/internal/repository/invitation_repo.go:57.16,59.3 1 0
github.com/yourusername/scentora-backend/internal/repository/invitation_repo.go:60.2,60.25 1 1
github.com/yourusername/scentora-backend/internal/repository/invitation_repo.go:63.68,70.16 3 1
github.com/yourusername/scentora-backend/internal/repository/invitation_repo.go:70.16,72.3 1 0
github.com/yourusername/scentora-backend/internal/repository/invitation_repo.go:73.2,74.16 2 1
github.com/yourusername/scentora-backend/internal/repository/invitation_repo.go:74.16,76.3 1 0
github.com/yourusername/scentora-backend/internal/repository/invitation_repo.go:77.2,77.15 1 1
github.com/yourusername/scentora-backend/internal/repository/invitation_repo.go:77.15,79.3 1 0
github.com/yourusername/scentora-backend/internal/repository/invitation_repo.go:80.2,80.12 1 1
github.com/yourusername/scentora-backend/internal/repository/invitation_repo.go:83.69,90.16 3 1
github.com/yourusername/scentora-backend/internal/repository/invitation_repo.go:90.16,92.3 1 0
github.com/yourusername/scentora-backend/internal/repository/invitation_repo.go:93.2,94.16 2 1
github.com/yourusername/scentora-backend/internal/repository/invitation_repo.go:94.16,96.3 1 0
github.com/yourusername/scentora-backend/internal/repository/invitation_repo.go:97.2,97.15 1 1
github.com/yourusername/scentora-backend/internal/repository/invitation_repo.go:97.15,99.3 1 0
github.com/yourusername/scentora-backend/internal/repository/invitation_repo.go:100.2,100.12 1 1
github.com/yourusername/scentora-backend/internal/repository/predefined_tag_repo.go:12.71,14.2 1 1
github.com/yourusername/scentora-backend/internal/repository/predefined_tag_repo.go:17.77,25.16 4 1
github.com/yourusername/scentora-backend/internal/repository/predefined_tag_repo.go:25.16,27.3 1 0
github.com/yourusername/scentora-backend/internal/repository/predefined_tag_repo.go:28.2,28.18 1 1
github.com/yourusername/scentora-backend/internal/repository/predefined_tag_repo.go:32.99,41.16 4 1
github.com/yourusername/scentora-backend/internal/repository/predefined_tag_repo.go:41.16,43.3 1 0
github.com/yourusername/scentora-backend/internal/repository/predefined_tag_repo.go:44.2,44.18 1 1
github.com/yourusername/scentora-backend/internal/repository/predefined_tag_repo.go:48.90,58.16 4 1
github.com/yourusername/scentora-backend/internal/repository/predefined_tag_repo.go:58.16,60.3 1 0
github.com/yourusername/scentora-backend/internal/repository/predefined_tag_repo.go:61.2,61.18 1 1
github.com/yourusername/scentora-backend/internal/repository/predefined_tag_repo.go:65.72,73.16 4 1
github.com/yourusername/scentora-backend/internal/repository/predefined_tag_repo.go:73.16,75.3 1 0
github.com/yourusername/scentora-backend/internal/repository/predefined_tag_repo.go:76.2,76.24 1 1
github.com/yourusername/scentora-backend/internal/repository/user_repo.go:14.53,16.2 1 1
github.com/yourusername/scentora-backend/internal/repository/user_repo.go:18.58,26.2 2 1
github.com/yourusername/scentora-backend/internal/repository/user_repo.go:28.74,32.16 4 1
github.com/yourusername/scentora-backend/internal/repository/user_repo.go:32.16,34.3 1 1
github.com/yourusername/scentora-backend/internal/repository/user_repo.go:35.2,35.19 1 1
github.com/yourusername/scentora-backend/internal/repository/user_repo.go:38.68,42.16 4 1
github.com/yourusername/scentora-backend/internal/repository/user_repo.go:42.16,44.3 1 1
github.com/yourusername/scentora-backend/internal/repository/user_repo.go:45.2,45.19 1 1
github.com/yourusername/scentora-backend/internal/repository/user_repo.go:48.66,53.2 4 1
github.com/yourusername/scentora-backend/internal/repository/user_repo.go:55.72,60.2 4 0
github.com/yourusername/scentora-backend/internal/repository/user_repo.go:66.69,68.2 1 1
github.com/yourusername/scentora-backend/internal/repository/user_repo.go:70.75,78.2 2 1
github.com/yourusername/scentora-backend/internal/repository/user_repo.go:80.98,88.16 4 1
github.com/yourusername/scentora-backend/internal/repository/user_repo.go:88.16,90.3 1 1
github.com/yourusername/scentora-backend/internal/repository/user_repo.go:91.2,91.20 1 1
github.com/yourusername/scentora-backend/internal/repository/user_repo.go:94.65,97.16 3 1
github.com/yourusername/scentora-backend/internal/repository/user_repo.go:97.16,99.3 1 0
github.com/yourusername/scentora-backend/internal/repository/user_repo.go:100.2,101.16 2 1
github.com/yourusername/scentora-backend/internal/repository/user_repo.go:101.16,103.3 1 0
github.com/yourusername/scentora-backend/internal/repository/user_repo.go:104.2,104.15 1 1
github.com/yourusername/scentora-backend/internal/repository/user_repo.go:104.15,106.3 1 1
github.com/yourusername/scentora-backend/internal/repository/user_repo.go:107.2,107.12 1 1
github.com/yourusername/scentora-backend/internal/repository/user_repo.go:110.72,114.2 3 1
